2021-04-06 23:54:32,265 - ERROR - 'MongoDBConn' object has no attribute 'url'
2021-04-06 23:56:38,401 - ERROR - Empty host (or extra comma in host list).
2021-04-12 22:59:44,517 - ERROR - module 'scripts.constant' has no attribute 'collection_name'
2021-04-12 23:03:07,691 - ERROR - module 'scripts.constant' has no attribute 'collection_name'
2021-04-12 23:04:24,859 - ERROR - 12 - module 'scripts.constant' has no attribute 'collection_name'
2021-04-12 23:04:46,060 - ERROR - 11 - module 'scripts.constant' has no attribute 'collection_name'
2021-04-14 03:10:49,155 - ERROR - 12 - 1054 (42S22): Unknown column 'nan' in 'field list'
2021-04-24 21:16:46,569 - ERROR - 12 - ('01000', "[01000] [unixODBC][Driver Manager]Can't open lib 'ODBC Driver 17 for SQL Server' : file not found (0) (SQLDriverConnect)")
2021-04-24 21:17:15,665 - ERROR - 12 - ('01000', "[01000] [unixODBC][Driver Manager]Can't open lib 'ODBC Driver 17 for SQL Server' : file not found (0) (SQLDriverConnect)")
2021-04-24 21:30:42,100 - ERROR - 12 - ('42000', "[42000] [Microsoft][ODBC Driver 17 for SQL Server][SQL Server]Could not find stored procedure 'show'. (2812) (SQLExecDirectW)")
2021-04-24 21:31:15,640 - ERROR - 12 - ('42000', "[42000] [Microsoft][ODBC Driver 17 for SQL Server][SQL Server]Incorrect syntax near 'AUTO_INCREMENT'. (102) (SQLExecDirectW)")
2021-04-24 21:40:23,251 - ERROR - 12 - ('The SQL contains 0 parameter markers, but 2 parameters were supplied', 'HY000')
2021-04-24 22:47:13,038 - ERROR - 12 - ('The SQL contains 0 parameter markers, but 12 parameters were supplied', 'HY000')
2021-04-25 01:49:30,241 - ERROR - 12 - <class 'pyodbc.Error'> returned a result with an error set
2021-04-25 15:47:13,696 - ERROR - 12 - ('HYT00', '[HYT00] [Microsoft][ODBC Driver 17 for SQL Server]Login timeout expired (0) (SQLDriverConnect)')
2021-04-25 15:49:40,252 - ERROR - 12 - ('28000', "[28000] [Microsoft][ODBC Driver 17 for SQL Server][SQL Server]Login failed for user 'SA'. (18456) (SQLDriverConnect)")
2021-04-25 15:50:09,236 - ERROR - 12 - ('28000', "[28000] [Microsoft][ODBC Driver 17 for SQL Server][SQL Server]Login failed for user 'SA'. (18456) (SQLDriverConnect)")
2021-04-27 00:56:57,757 - ERROR - 12 - ('42S02', "[42S02] [Microsoft][ODBC Driver 17 for SQL Server][SQL Server]Cannot drop the table 'dbo.Attractions', because it does not exist or you do not have permission. (3701) (SQLExecDirectW)")
2021-04-27 00:57:34,880 - ERROR - 12 - 'Series' object has no attribute 'Rating'
2021-04-27 00:58:45,838 - ERROR - 12 - 'Series' object has no attribute 'Rating'
2021-04-27 00:59:07,640 - ERROR - 12 - 'Series' object has no attribute 'Rating'
2021-04-27 00:59:55,019 - ERROR - 12 - 'Series' object has no attribute 'Review'
2021-04-27 15:32:51,034 - ERROR - 26 - ('28000', "[28000] [Microsoft][ODBC Driver 17 for SQL Server][SQL Server]Login failed for user 'dap'. (18456) (SQLDriverConnect)")
